<?xml version="1.0" encoding="UTF-8"?>
<!-- Generated by org.testng.reporters.JUnitXMLReporter -->
<testsuite ignored="0" hostname="Vaibhav" failures="0" tests="3" name="Default test" time="61.085" errors="0" timestamp="2024-09-17T18:58:55 IST">
  <testcase classname="com.orengeHRM.testcases.LoginTest" name="verifyLogin" time="6.785"/>
  <testcase classname="com.orengeHRM.testcases.LoginTest" name="verifyLogin" time="5.72"/>
  <testcase classname="com.orengeHRM.testcases.LoginTest" name="verifyLogin" time="4.072"/>
</testsuite> <!-- Default test -->
