<?xml version="1.0" encoding="UTF-8"?>
<!-- Generated by org.testng.reporters.JUnitXMLReporter -->
<testsuite ignored="8" hostname="Vaibhav" failures="1" tests="25" name="IE" time="13.926" errors="0" timestamp="2024-09-25T17:29:18 IST">
  <testcase classname="com.orengeHRM.testcases.ResetPasswordTest" name="cancelResetPass" time="0.0">
    <skipped/>
  </testcase> <!-- cancelResetPass -->
  <testcase classname="com.orengeHRM.testcases.ResetPasswordTest" name="verifyResetPassPage" time="0.0">
    <skipped/>
  </testcase> <!-- verifyResetPassPage -->
  <testcase classname="com.orengeHRM.testcases.DashboardTest" name="countQuickLaunchOptions" time="0.0">
    <skipped/>
  </testcase> <!-- countQuickLaunchOptions -->
  <testcase classname="com.orengeHRM.testcases.DashboardTest" name="listQuickLaunchOptions" time="0.001">
    <skipped/>
  </testcase> <!-- listQuickLaunchOptions -->
  <testcase classname="com.orengeHRM.testcases.DashboardTest" name="navigateToPIM" time="0.0">
    <skipped/>
  </testcase> <!-- navigateToPIM -->
  <testcase classname="com.orengeHRM.testcases.DashboardTest" name="quickLaunchIconDisplay" time="0.0">
    <skipped/>
  </testcase> <!-- quickLaunchIconDisplay -->
  <testcase classname="com.orengeHRM.testcases.AddEmployeeTest" name="addEmpWithLoginDetails" time="0.0">
    <failure type="java.lang.RuntimeException" message="java.lang.NegativeArraySizeException: -1">
      <![CDATA[java.lang.RuntimeException: java.lang.NegativeArraySizeException: -1
at java.base/java.util.ArrayList.forEach(ArrayList.java:1511)
at java.base/java.util.concurrent.FutureTask.run(FutureTask.java:264)
at java.base/java.util.concurrent.ThreadPoolExecutor.runWorker(ThreadPoolExecutor.java:1136)
at java.base/java.util.concurrent.ThreadPoolExecutor$Worker.run(ThreadPoolExecutor.java:635)
at java.base/java.lang.Thread.run(Thread.java:833)
Caused by: java.lang.NegativeArraySizeException: -1
at com.orengeHRM.dataprovider.DataProviders.addEmployeeName(DataProviders.java:43)
... 19 more
... Removed 22 stack frames]]>
    </failure>
  </testcase> <!-- addEmpWithLoginDetails -->
  <testcase classname="com.orengeHRM.testcases.AddEmployeeTest" name="addEmpWithoutLoginDetails" time="0.001">
    <skipped/>
  </testcase> <!-- addEmpWithoutLoginDetails -->
  <testcase classname="com.orengeHRM.testcases.AddEmployeeTest" name="cancelAddEmployee" time="0.001">
    <skipped/>
  </testcase> <!-- cancelAddEmployee -->
  <testcase classname="com.orengeHRM.testcases.AddEmployeeTest" name="validateInvalidFileType" time="0.0">
    <skipped/>
  </testcase> <!-- validateInvalidFileType -->
  <testcase classname="com.orengeHRM.testcases.AddEmployeeTest" name="validateLargeFileValidation" time="0.0">
    <skipped/>
  </testcase> <!-- validateLargeFileValidation -->
  <testcase classname="com.orengeHRM.testcases.EmployeeListTest" name="addEmployeeButton" time="0.0">
    <skipped/>
  </testcase> <!-- addEmployeeButton -->
  <testcase classname="com.orengeHRM.testcases.EmployeeListTest" name="editEmployee" time="0.0">
    <skipped/>
  </testcase> <!-- editEmployee -->
  <testcase classname="com.orengeHRM.testcases.EmployeeListTest" name="empSearchByStatus" time="0.0">
    <skipped/>
  </testcase> <!-- empSearchByStatus -->
  <testcase classname="com.orengeHRM.testcases.EmployeeListTest" name="verifyEmployeeDelete" time="0.0">
    <skipped/>
  </testcase> <!-- verifyEmployeeDelete -->
  <testcase classname="com.orengeHRM.testcases.EmployeeListTest" name="verifyNameInTable" time="0.0">
    <skipped/>
  </testcase> <!-- verifyNameInTable -->
  <testcase classname="com.orengeHRM.testcases.EmployeeListTest" name="verifyNoOfRowsEqualsTabMessage" time="0.0">
    <skipped/>
  </testcase> <!-- verifyNoOfRowsEqualsTabMessage -->
  <testcase classname="com.orengeHRM.testcases.EmployeeListTest" name="verifyResetAll" time="0.0">
    <skipped/>
  </testcase> <!-- verifyResetAll -->
  <testcase classname="com.orengeHRM.testcases.EmployeeListTest" name="verifyTableMsgSearchByID" time="0.0">
    <skipped/>
  </testcase> <!-- verifyTableMsgSearchByID -->
  <testcase classname="com.orengeHRM.testcases.EmployeeListTest" name="verifyTableMsgSearchByName" time="0.0">
    <skipped/>
  </testcase> <!-- verifyTableMsgSearchByName -->
  <testcase classname="com.orengeHRM.testcases.LoginTest" name="forgotPassword" time="0.0">
    <skipped/>
  </testcase> <!-- forgotPassword -->
  <testcase classname="com.orengeHRM.testcases.LoginTest" name="verifyLogin" time="0.0">
    <skipped/>
  </testcase> <!-- verifyLogin -->
  <testcase classname="com.orengeHRM.testcases.LoginTest" name="verifyLogin" time="0.0">
    <skipped/>
  </testcase> <!-- verifyLogin -->
  <testcase classname="com.orengeHRM.testcases.LoginTest" name="verifyLogin" time="0.001">
    <skipped/>
  </testcase> <!-- verifyLogin -->
  <testcase classname="com.orengeHRM.testcases.LoginTest" name="verifyResetPassword" time="0.0">
    <skipped/>
  </testcase> <!-- verifyResetPassword -->
  <testcase classname="com.orengeHRM.base.BaseClass" name="@AfterSuite afterSuite" time="0.0">
    <ignored/>
  </testcase> <!-- @AfterSuite afterSuite -->
  <testcase classname="com.orengeHRM.base.BaseClass" name="@BeforeSuite loadConfig" time="0.0">
    <ignored/>
  </testcase> <!-- @BeforeSuite loadConfig -->
  <testcase classname="com.orengeHRM.base.BaseClass" name="@BeforeSuite loadConfig" time="0.0">
    <ignored/>
  </testcase> <!-- @BeforeSuite loadConfig -->
  <testcase classname="com.orengeHRM.base.BaseClass" name="@BeforeSuite loadConfig" time="0.0">
    <ignored/>
  </testcase> <!-- @BeforeSuite loadConfig -->
  <testcase classname="com.orengeHRM.base.BaseClass" name="@AfterSuite afterSuite" time="0.0">
    <ignored/>
  </testcase> <!-- @AfterSuite afterSuite -->
  <testcase classname="com.orengeHRM.base.BaseClass" name="@AfterSuite afterSuite" time="0.0">
    <ignored/>
  </testcase> <!-- @AfterSuite afterSuite -->
  <testcase classname="com.orengeHRM.base.BaseClass" name="@AfterSuite afterSuite" time="0.0">
    <ignored/>
  </testcase> <!-- @AfterSuite afterSuite -->
  <testcase classname="com.orengeHRM.base.BaseClass" name="@BeforeSuite loadConfig" time="0.0">
    <ignored/>
  </testcase> <!-- @BeforeSuite loadConfig -->
</testsuite> <!-- IE -->
